Copyright 1986-2020 Xilinx, Inc. All Rights Reserved.
-------------------------------------------------------------------------------------------------------------------------------------------------------------------------------
| Tool Version     : Vivado v.2020.1 (win64) Build 2902540 Wed May 27 19:54:49 MDT 2020
| Date             : Tue Nov 29 15:36:03 2022
| Host             : DESKTOP-27AES16 running 64-bit major release  (build 9200)
| Command          : report_power -file vga_ScreenSaver_top_power_routed.rpt -pb vga_ScreenSaver_top_power_summary_routed.pb -rpx vga_ScreenSaver_top_power_routed.rpx
| Design           : vga_ScreenSaver_top
| Device           : xc7a100tcsg324-3
| Design State     : routed
| Grade            : extended
| Process          : typical
| Characterization : Production
-------------------------------------------------------------------------------------------------------------------------------------------------------------------------------

Power Report

Table of Contents
-----------------
1. Summary
1.1 On-Chip Components
1.2 Power Supply Summary
1.3 Confidence Level
2. Settings
2.1 Environment
2.2 Clock Constraints
3. Detailed Reports
3.1 By Hierarchy

1. Summary
----------

+--------------------------+--------------+
| Total On-Chip Power (W)  | 0.338        |
| Design Power Budget (W)  | Unspecified* |
| Power Budget Margin (W)  | NA           |
| Dynamic (W)              | 0.240        |
| Device Static (W)        | 0.099        |
| Effective TJA (C/W)      | 4.6          |
| Max Ambient (C)          | 98.5         |
| Junction Temperature (C) | 26.5         |
| Confidence Level         | Low          |
| Setting File             | ---          |
| Simulation Activity File | ---          |
| Design Nets Matched      | NA           |
+--------------------------+--------------+
* Specify Design Power Budget using, set_operating_conditions -design_power_budget <value in Watts>


1.1 On-Chip Components
----------------------

+----------------+-----------+----------+-----------+-----------------+
| On-Chip        | Power (W) | Used     | Available | Utilization (%) |
+----------------+-----------+----------+-----------+-----------------+
| Clocks         |     0.001 |        9 |       --- |             --- |
| Slice Logic    |     0.003 |      734 |       --- |             --- |
|   LUT as Logic |     0.003 |      373 |     63400 |            0.59 |
|   CARRY4       |    <0.001 |       40 |     15850 |            0.25 |
|   Register     |    <0.001 |      146 |    126800 |            0.12 |
|   BUFG         |    <0.001 |        2 |        32 |            6.25 |
|   Others       |     0.000 |       81 |       --- |             --- |
| Signals        |     0.005 |      658 |       --- |             --- |
| Block RAM      |     0.001 |       27 |       135 |           20.00 |
| MMCM           |     0.228 |        2 |         6 |           33.33 |
| I/O            |     0.001 |       20 |       210 |            9.52 |
| Static Power   |     0.099 |          |           |                 |
| Total          |     0.338 |          |           |                 |
+----------------+-----------+----------+-----------+-----------------+


1.2 Power Supply Summary
------------------------

+-----------+-------------+-----------+-------------+------------+-------------+-------------+------------+
| Source    | Voltage (V) | Total (A) | Dynamic (A) | Static (A) | Powerup (A) | Budget (A)  | Margin (A) |
+-----------+-------------+-----------+-------------+------------+-------------+-------------+------------+
| Vccint    |       1.000 |     0.028 |       0.012 |      0.016 |       NA    | Unspecified | NA         |
| Vccaux    |       1.800 |     0.144 |       0.126 |      0.018 |       NA    | Unspecified | NA         |
| Vcco33    |       3.300 |     0.004 |       0.000 |      0.004 |       NA    | Unspecified | NA         |
| Vcco25    |       2.500 |     0.000 |       0.000 |      0.000 |       NA    | Unspecified | NA         |
| Vcco18    |       1.800 |     0.000 |       0.000 |      0.000 |       NA    | Unspecified | NA         |
| Vcco15    |       1.500 |     0.000 |       0.000 |      0.000 |       NA    | Unspecified | NA         |
| Vcco135   |       1.350 |     0.000 |       0.000 |      0.000 |       NA    | Unspecified | NA         |
| Vcco12    |       1.200 |     0.000 |       0.000 |      0.000 |       NA    | Unspecified | NA         |
| Vccaux_io |       1.800 |     0.000 |       0.000 |      0.000 |       NA    | Unspecified | NA         |
| Vccbram   |       1.000 |     0.001 |       0.000 |      0.001 |       NA    | Unspecified | NA         |
| MGTAVcc   |       1.000 |     0.000 |       0.000 |      0.000 |       NA    | Unspecified | NA         |
| MGTAVtt   |       1.200 |     0.000 |       0.000 |      0.000 |       NA    | Unspecified | NA         |
| Vccadc    |       1.800 |     0.020 |       0.000 |      0.020 |       NA    | Unspecified | NA         |
+-----------+-------------+-----------+-------------+------------+-------------+-------------+------------+


1.3 Confidence Level
--------------------

+-----------------------------+------------+--------------------------------------------------------+--------------------------------------------------------------------------------------------------------------------+
| User Input Data             | Confidence | Details                                                | Action                                                                                                             |
+-----------------------------+------------+--------------------------------------------------------+--------------------------------------------------------------------------------------------------------------------+
| Design implementation state | High       | Design is routed                                       |                                                                                                                    |
| Clock nodes activity        | Low        | User specified less than 75% of clocks                 | Provide missing clock activity with a constraint file, simulation results or by editing the "By Clock Domain" view |
| I/O nodes activity          | Low        | More than 75% of inputs are missing user specification | Provide missing input activity with simulation results or by editing the "By Resource Type -> I/Os" view           |
| Internal nodes activity     | Medium     | User specified less than 25% of internal nodes         | Provide missing internal nodes activity with simulation results or by editing the "By Resource Type" views         |
| Device models               | High       | Device models are Production                           |                                                                                                                    |
|                             |            |                                                        |                                                                                                                    |
| Overall confidence level    | Low        |                                                        |                                                                                                                    |
+-----------------------------+------------+--------------------------------------------------------+--------------------------------------------------------------------------------------------------------------------+


2. Settings
-----------

2.1 Environment
---------------

+-----------------------+--------------------------+
| Ambient Temp (C)      | 25.0                     |
| ThetaJA (C/W)         | 4.6                      |
| Airflow (LFM)         | 250                      |
| Heat Sink             | medium (Medium Profile)  |
| ThetaSA (C/W)         | 4.6                      |
| Board Selection       | medium (10"x10")         |
| # of Board Layers     | 12to15 (12 to 15 Layers) |
| Board Temperature (C) | 25.0                     |
+-----------------------+--------------------------+


2.2 Clock Constraints
---------------------

+--------------------+-----------------------------+-----------------+
| Clock              | Domain                      | Constraint (ns) |
+--------------------+-----------------------------+-----------------+
| clk_out1_clk_40mhz | U20/inst/clk_out1_clk_40mhz |            25.0 |
| clk_out1_clk_65mhz | U4/inst/clk_out1_clk_65mhz  |            15.4 |
| clkfbout_clk_40mhz | U20/inst/clkfbout_clk_40mhz |            10.0 |
| clkfbout_clk_65mhz | U4/inst/clkfbout_clk_65mhz  |            50.0 |
| sys_clk_pin        | CLK100MHZ                   |            10.0 |
| sys_clk_pin        | CLK100MHZ_IBUF              |            10.0 |
+--------------------+-----------------------------+-----------------+


3. Detailed Reports
-------------------

3.1 By Hierarchy
----------------

+------------------------+-----------+
| Name                   | Power (W) |
+------------------------+-----------+
| vga_ScreenSaver_top    |     0.240 |
|   U11                  |     0.003 |
|   U12                  |     0.002 |
|     U0                 |     0.002 |
|       inst_blk_mem_gen |     0.002 |
|   U13                  |     0.002 |
|   U14                  |     0.002 |
|     U0                 |     0.002 |
|       inst_blk_mem_gen |     0.002 |
|   U20                  |     0.106 |
|     inst               |     0.106 |
|   U4                   |     0.122 |
|     inst               |     0.122 |
+------------------------+-----------+


