#-----------------------------------------------------------
# Vivado v2020.1 (64-bit)
# SW Build 2902540 on Wed May 27 19:54:49 MDT 2020
# IP Build 2902112 on Wed May 27 22:43:36 MDT 2020
# Start of session at: Mon Nov 28 13:54:34 2022
# Process ID: 8112
# Current directory: C:/Users/hallgato/KMP/projectmunka
# Command line: vivado.exe -gui_launcher_event rodinguilauncherevent9160 C:\Users\hallgato\KMP\projectmunka\projectmunka.xpr
# Log file: C:/Users/hallgato/KMP/projectmunka/vivado.log
# Journal file: C:/Users/hallgato/KMP/projectmunka\vivado.jou
#-----------------------------------------------------------
start_gui
open_project C:/Users/hallgato/KMP/projectmunka/projectmunka.xpr
CRITICAL WARNING: [Project 1-19] Could not find the file 'C:/Users/hallgato/KMP/projectmunka/projectmunka.srcs/sources_1/ip/loons_1024x768/loons_1024x768.xci'.
CRITICAL WARNING: [Project 1-19] Could not find the file 'C:/Users/hallgato/KMP/projectmunka/projectmunka.srcs/sources_1/ip/loons_1024x768_jo/loons_1024x768_jo.xci'.
CRITICAL WARNING: [Project 1-19] Could not find the file 'C:/Users/hallgato/KMP/projectmunka/projectmunka.srcs/sources_1/ip/fold_1024x768/fold_1024x768.xci'.
Scanning sources...
Finished scanning sources
INFO: [IP_Flow 19-234] Refreshing IP repositories
INFO: [IP_Flow 19-1704] No user IP repositories specified
INFO: [IP_Flow 19-2313] Loaded Vivado IP repository 'C:/Programok/Xilinx/Vivado/2020.1/data/ip'.
ERROR: [IP_Flow 19-993] Could not find IP file for IP 'loons_1024x768'.
CRITICAL WARNING: [IP_Flow 19-5097] Unable to determine VLNV from IP file; verify it has the correct syntax: 
ERROR: [IP_Flow 19-993] Could not find IP file for IP 'loons_1024x768_jo'.
CRITICAL WARNING: [IP_Flow 19-5097] Unable to determine VLNV from IP file; verify it has the correct syntax: 
ERROR: [IP_Flow 19-993] Could not find IP file for IP 'fold_1024x768'.
CRITICAL WARNING: [IP_Flow 19-5097] Unable to determine VLNV from IP file; verify it has the correct syntax: 
open_project: Time (s): cpu = 00:00:18 ; elapsed = 00:00:40 . Memory (MB): peak = 937.707 ; gain = 0.000
ERROR: [Common 17-39] 'open_project' failed due to earlier errors.
update_compile_order -fileset sources_1
launch_runs impl_1 -to_step write_bitstream -jobs 2
INFO: [Vivado 12-4149] The synthesis checkpoint for IP 'C:/Users/hallgato/KMP/projectmunka/projectmunka.srcs/sources_1/ip/fold/fold.xci' is already up-to-date
INFO: [Vivado 12-4149] The synthesis checkpoint for IP 'C:/Users/hallgato/KMP/projectmunka/projectmunka.srcs/sources_1/ip/loons/loons.xci' is already up-to-date
[Mon Nov 28 14:09:06 2022] Launched synth_1...
Run output will be captured here: C:/Users/hallgato/KMP/projectmunka/projectmunka.runs/synth_1/runme.log
[Mon Nov 28 14:09:06 2022] Launched impl_1...
Run output will be captured here: C:/Users/hallgato/KMP/projectmunka/projectmunka.runs/impl_1/runme.log
reset_run synth_1
launch_runs impl_1 -to_step write_bitstream -jobs 2
INFO: [Vivado 12-4149] The synthesis checkpoint for IP 'C:/Users/hallgato/KMP/projectmunka/projectmunka.srcs/sources_1/ip/fold/fold.xci' is already up-to-date
INFO: [Vivado 12-4149] The synthesis checkpoint for IP 'C:/Users/hallgato/KMP/projectmunka/projectmunka.srcs/sources_1/ip/loons/loons.xci' is already up-to-date
[Mon Nov 28 14:11:14 2022] Launched synth_1...
Run output will be captured here: C:/Users/hallgato/KMP/projectmunka/projectmunka.runs/synth_1/runme.log
[Mon Nov 28 14:11:14 2022] Launched impl_1...
Run output will be captured here: C:/Users/hallgato/KMP/projectmunka/projectmunka.runs/impl_1/runme.log
reset_run synth_1
launch_runs impl_1 -to_step write_bitstream -jobs 2
INFO: [Vivado 12-4149] The synthesis checkpoint for IP 'C:/Users/hallgato/KMP/projectmunka/projectmunka.srcs/sources_1/ip/fold/fold.xci' is already up-to-date
INFO: [Vivado 12-4149] The synthesis checkpoint for IP 'C:/Users/hallgato/KMP/projectmunka/projectmunka.srcs/sources_1/ip/loons/loons.xci' is already up-to-date
[Mon Nov 28 14:13:25 2022] Launched synth_1...
Run output will be captured here: C:/Users/hallgato/KMP/projectmunka/projectmunka.runs/synth_1/runme.log
[Mon Nov 28 14:13:25 2022] Launched impl_1...
Run output will be captured here: C:/Users/hallgato/KMP/projectmunka/projectmunka.runs/impl_1/runme.log
reset_run synth_1
launch_runs impl_1 -to_step write_bitstream -jobs 2
INFO: [Vivado 12-4149] The synthesis checkpoint for IP 'C:/Users/hallgato/KMP/projectmunka/projectmunka.srcs/sources_1/ip/fold/fold.xci' is already up-to-date
INFO: [Vivado 12-4149] The synthesis checkpoint for IP 'C:/Users/hallgato/KMP/projectmunka/projectmunka.srcs/sources_1/ip/loons/loons.xci' is already up-to-date
[Mon Nov 28 14:25:22 2022] Launched synth_1...
Run output will be captured here: C:/Users/hallgato/KMP/projectmunka/projectmunka.runs/synth_1/runme.log
[Mon Nov 28 14:25:22 2022] Launched impl_1...
Run output will be captured here: C:/Users/hallgato/KMP/projectmunka/projectmunka.runs/impl_1/runme.log
reset_run synth_1
launch_runs impl_1 -to_step write_bitstream -jobs 2
INFO: [Vivado 12-4149] The synthesis checkpoint for IP 'C:/Users/hallgato/KMP/projectmunka/projectmunka.srcs/sources_1/ip/fold/fold.xci' is already up-to-date
INFO: [Vivado 12-4149] The synthesis checkpoint for IP 'C:/Users/hallgato/KMP/projectmunka/projectmunka.srcs/sources_1/ip/loons/loons.xci' is already up-to-date
[Mon Nov 28 14:32:57 2022] Launched synth_1...
Run output will be captured here: C:/Users/hallgato/KMP/projectmunka/projectmunka.runs/synth_1/runme.log
[Mon Nov 28 14:32:57 2022] Launched impl_1...
Run output will be captured here: C:/Users/hallgato/KMP/projectmunka/projectmunka.runs/impl_1/runme.log
export_ip_user_files -of_objects  [get_files C:/Users/hallgato/KMP/projectmunka/projectmunka.srcs/sources_1/ip/loons_1024x768/loons_1024x768.xci] -no_script -reset -force -quiet
remove_files  -fileset loons_1024x768 C:/Users/hallgato/KMP/projectmunka/projectmunka.srcs/sources_1/ip/loons_1024x768/loons_1024x768.xci
INFO: [Project 1-386] Moving file 'C:/Users/hallgato/KMP/projectmunka/projectmunka.srcs/sources_1/ip/loons_1024x768/loons_1024x768.xci' from fileset 'loons_1024x768' to fileset 'sources_1'.
export_ip_user_files -of_objects  [get_files C:/Users/hallgato/KMP/projectmunka/projectmunka.srcs/sources_1/ip/fold_1024x768/fold_1024x768.xci] -no_script -reset -force -quiet
remove_files  -fileset fold_1024x768 C:/Users/hallgato/KMP/projectmunka/projectmunka.srcs/sources_1/ip/fold_1024x768/fold_1024x768.xci
INFO: [Project 1-386] Moving file 'C:/Users/hallgato/KMP/projectmunka/projectmunka.srcs/sources_1/ip/fold_1024x768/fold_1024x768.xci' from fileset 'fold_1024x768' to fileset 'sources_1'.
export_ip_user_files -of_objects  [get_files C:/Users/hallgato/KMP/projectmunka/projectmunka.srcs/sources_1/ip/loons_1024x768_jo/loons_1024x768_jo.xci] -no_script -reset -force -quiet
remove_files  -fileset loons_1024x768_jo C:/Users/hallgato/KMP/projectmunka/projectmunka.srcs/sources_1/ip/loons_1024x768_jo/loons_1024x768_jo.xci
INFO: [Project 1-386] Moving file 'C:/Users/hallgato/KMP/projectmunka/projectmunka.srcs/sources_1/ip/loons_1024x768_jo/loons_1024x768_jo.xci' from fileset 'loons_1024x768_jo' to fileset 'sources_1'.
reset_run synth_1
launch_runs impl_1 -to_step write_bitstream -jobs 2
INFO: [Vivado 12-4149] The synthesis checkpoint for IP 'C:/Users/hallgato/KMP/projectmunka/projectmunka.srcs/sources_1/ip/fold/fold.xci' is already up-to-date
INFO: [Vivado 12-4149] The synthesis checkpoint for IP 'C:/Users/hallgato/KMP/projectmunka/projectmunka.srcs/sources_1/ip/loons/loons.xci' is already up-to-date
[Mon Nov 28 14:36:20 2022] Launched synth_1...
Run output will be captured here: C:/Users/hallgato/KMP/projectmunka/projectmunka.runs/synth_1/runme.log
[Mon Nov 28 14:36:20 2022] Launched impl_1...
Run output will be captured here: C:/Users/hallgato/KMP/projectmunka/projectmunka.runs/impl_1/runme.log
reset_run synth_1
launch_runs impl_1 -to_step write_bitstream -jobs 2
INFO: [Vivado 12-4149] The synthesis checkpoint for IP 'C:/Users/hallgato/KMP/projectmunka/projectmunka.srcs/sources_1/ip/fold/fold.xci' is already up-to-date
INFO: [Vivado 12-4149] The synthesis checkpoint for IP 'C:/Users/hallgato/KMP/projectmunka/projectmunka.srcs/sources_1/ip/loons/loons.xci' is already up-to-date
[Mon Nov 28 14:39:40 2022] Launched synth_1...
Run output will be captured here: C:/Users/hallgato/KMP/projectmunka/projectmunka.runs/synth_1/runme.log
[Mon Nov 28 14:39:40 2022] Launched impl_1...
Run output will be captured here: C:/Users/hallgato/KMP/projectmunka/projectmunka.runs/impl_1/runme.log
reset_run synth_1
launch_runs impl_1 -to_step write_bitstream -jobs 2
INFO: [Vivado 12-4149] The synthesis checkpoint for IP 'C:/Users/hallgato/KMP/projectmunka/projectmunka.srcs/sources_1/ip/fold/fold.xci' is already up-to-date
INFO: [Vivado 12-4149] The synthesis checkpoint for IP 'C:/Users/hallgato/KMP/projectmunka/projectmunka.srcs/sources_1/ip/loons/loons.xci' is already up-to-date
[Mon Nov 28 14:43:05 2022] Launched synth_1...
Run output will be captured here: C:/Users/hallgato/KMP/projectmunka/projectmunka.runs/synth_1/runme.log
[Mon Nov 28 14:43:05 2022] Launched impl_1...
Run output will be captured here: C:/Users/hallgato/KMP/projectmunka/projectmunka.runs/impl_1/runme.log
open_hw_manager
connect_hw_server -allow_non_jtag
INFO: [Labtools 27-2285] Connecting to hw_server url TCP:localhost:3121
INFO: [Labtools 27-2222] Launching hw_server...
INFO: [Labtools 27-2221] Launch Output:

****** Xilinx hw_server v2020.1
  **** Build date : May 27 2020 at 20:24:38
    ** Copyright 1986-2020 Xilinx, Inc. All Rights Reserved.


INFO: [Labtools 27-3415] Connecting to cs_server url TCP:localhost:3042
INFO: [Labtools 27-3417] Launching cs_server...
INFO: [Labtools 27-2221] Launch Output:


****** Xilinx cs_server v2020.1.0
  **** Build date : May 14 2020-03:10:29
    ** Copyright 2017-2020 Xilinx, Inc. All Rights Reserved.



connect_hw_server: Time (s): cpu = 00:00:01 ; elapsed = 00:00:10 . Memory (MB): peak = 937.707 ; gain = 0.000
open_hw_target
INFO: [Labtoolstcl 44-466] Opening hw_target localhost:3121/xilinx_tcf/Digilent/210292709596A
open_hw_target: Time (s): cpu = 00:00:05 ; elapsed = 00:00:05 . Memory (MB): peak = 2162.746 ; gain = 1225.039
current_hw_device [get_hw_devices xc7a100t_0]
refresh_hw_device -update_hw_probes false [lindex [get_hw_devices xc7a100t_0] 0]
INFO: [Labtools 27-1434] Device xc7a100t (JTAG device index = 0) is programmed with a design that has no supported debug core(s) in it.
reset_run synth_1
launch_runs impl_1 -to_step write_bitstream -jobs 2
INFO: [Vivado 12-4149] The synthesis checkpoint for IP 'C:/Users/hallgato/KMP/projectmunka/projectmunka.srcs/sources_1/ip/fold/fold.xci' is already up-to-date
INFO: [Vivado 12-4149] The synthesis checkpoint for IP 'C:/Users/hallgato/KMP/projectmunka/projectmunka.srcs/sources_1/ip/loons/loons.xci' is already up-to-date
[Mon Nov 28 14:47:26 2022] Launched synth_1...
Run output will be captured here: C:/Users/hallgato/KMP/projectmunka/projectmunka.runs/synth_1/runme.log
[Mon Nov 28 14:47:26 2022] Launched impl_1...
Run output will be captured here: C:/Users/hallgato/KMP/projectmunka/projectmunka.runs/impl_1/runme.log
ERROR: [Labtoolstcl 44-513] HW Target shutdown. Closing target: localhost:3121/xilinx_tcf/Digilent/210292709596A
INFO: [Labtoolstcl 44-466] Opening hw_target localhost:3121/xilinx_tcf/Digilent/210292709596A
INFO: [Labtools 27-1434] Device xc7a100t (JTAG device index = 0) is programmed with a design that has no supported debug core(s) in it.
WARNING: [Labtoolstcl 44-129] No matching hw_ila_data was found.
ERROR: [Labtoolstcl 44-513] HW Target shutdown. Closing target: localhost:3121/xilinx_tcf/Digilent/210292709596A
INFO: [Labtoolstcl 44-466] Opening hw_target localhost:3121/xilinx_tcf/Digilent/210292709596A
INFO: [Labtools 27-1434] Device xc7a100t (JTAG device index = 0) is programmed with a design that has no supported debug core(s) in it.
WARNING: [Labtoolstcl 44-129] No matching hw_ila_data was found.
ERROR: [Labtoolstcl 44-513] HW Target shutdown. Closing target: localhost:3121/xilinx_tcf/Digilent/210292709596A
INFO: [Labtoolstcl 44-466] Opening hw_target localhost:3121/xilinx_tcf/Digilent/210292709596A
INFO: [Labtools 27-1434] Device xc7a100t (JTAG device index = 0) is programmed with a design that has no supported debug core(s) in it.
WARNING: [Labtoolstcl 44-129] No matching hw_ila_data was found.
ERROR: [Labtoolstcl 44-513] HW Target shutdown. Closing target: localhost:3121/xilinx_tcf/Digilent/210292709596A
INFO: [Labtoolstcl 44-466] Opening hw_target localhost:3121/xilinx_tcf/Digilent/210292709596A
INFO: [Labtools 27-1434] Device xc7a100t (JTAG device index = 0) is programmed with a design that has no supported debug core(s) in it.
WARNING: [Labtoolstcl 44-129] No matching hw_ila_data was found.
ERROR: [Labtoolstcl 44-513] HW Target shutdown. Closing target: localhost:3121/xilinx_tcf/Digilent/210292709596A
INFO: [Labtoolstcl 44-466] Opening hw_target localhost:3121/xilinx_tcf/Digilent/210292709596A
INFO: [Labtools 27-1434] Device xc7a100t (JTAG device index = 0) is programmed with a design that has no supported debug core(s) in it.
WARNING: [Labtoolstcl 44-129] No matching hw_ila_data was found.
ERROR: [Labtoolstcl 44-513] HW Target shutdown. Closing target: localhost:3121/xilinx_tcf/Digilent/210292709596A
INFO: [Labtoolstcl 44-466] Opening hw_target localhost:3121/xilinx_tcf/Digilent/210292709596A
INFO: [Labtools 27-1434] Device xc7a100t (JTAG device index = 0) is programmed with a design that has no supported debug core(s) in it.
WARNING: [Labtoolstcl 44-129] No matching hw_ila_data was found.
ERROR: [Labtoolstcl 44-513] HW Target shutdown. Closing target: localhost:3121/xilinx_tcf/Digilent/210292709596A
INFO: [Labtoolstcl 44-466] Opening hw_target localhost:3121/xilinx_tcf/Digilent/210292709596A
INFO: [Labtools 27-1434] Device xc7a100t (JTAG device index = 0) is programmed with a design that has no supported debug core(s) in it.
WARNING: [Labtoolstcl 44-129] No matching hw_ila_data was found.
reset_run synth_1
launch_runs impl_1 -to_step write_bitstream -jobs 2
INFO: [Vivado 12-4149] The synthesis checkpoint for IP 'C:/Users/hallgato/KMP/projectmunka/projectmunka.srcs/sources_1/ip/fold/fold.xci' is already up-to-date
INFO: [Vivado 12-4149] The synthesis checkpoint for IP 'C:/Users/hallgato/KMP/projectmunka/projectmunka.srcs/sources_1/ip/loons/loons.xci' is already up-to-date
[Mon Nov 28 14:58:22 2022] Launched synth_1...
Run output will be captured here: C:/Users/hallgato/KMP/projectmunka/projectmunka.runs/synth_1/runme.log
[Mon Nov 28 14:58:22 2022] Launched impl_1...
Run output will be captured here: C:/Users/hallgato/KMP/projectmunka/projectmunka.runs/impl_1/runme.log
reset_run synth_1
launch_runs impl_1 -to_step write_bitstream -jobs 2
INFO: [Vivado 12-4149] The synthesis checkpoint for IP 'C:/Users/hallgato/KMP/projectmunka/projectmunka.srcs/sources_1/ip/fold/fold.xci' is already up-to-date
INFO: [Vivado 12-4149] The synthesis checkpoint for IP 'C:/Users/hallgato/KMP/projectmunka/projectmunka.srcs/sources_1/ip/loons/loons.xci' is already up-to-date
[Mon Nov 28 14:59:19 2022] Launched synth_1...
Run output will be captured here: C:/Users/hallgato/KMP/projectmunka/projectmunka.runs/synth_1/runme.log
[Mon Nov 28 14:59:20 2022] Launched impl_1...
Run output will be captured here: C:/Users/hallgato/KMP/projectmunka/projectmunka.runs/impl_1/runme.log
reset_run synth_1
launch_runs impl_1 -to_step write_bitstream -jobs 2
INFO: [Vivado 12-4149] The synthesis checkpoint for IP 'C:/Users/hallgato/KMP/projectmunka/projectmunka.srcs/sources_1/ip/fold/fold.xci' is already up-to-date
INFO: [Vivado 12-4149] The synthesis checkpoint for IP 'C:/Users/hallgato/KMP/projectmunka/projectmunka.srcs/sources_1/ip/loons/loons.xci' is already up-to-date
[Mon Nov 28 15:04:58 2022] Launched synth_1...
Run output will be captured here: C:/Users/hallgato/KMP/projectmunka/projectmunka.runs/synth_1/runme.log
[Mon Nov 28 15:04:58 2022] Launched impl_1...
Run output will be captured here: C:/Users/hallgato/KMP/projectmunka/projectmunka.runs/impl_1/runme.log
reset_run synth_1
launch_runs impl_1 -to_step write_bitstream -jobs 2
INFO: [Vivado 12-4149] The synthesis checkpoint for IP 'C:/Users/hallgato/KMP/projectmunka/projectmunka.srcs/sources_1/ip/fold/fold.xci' is already up-to-date
INFO: [Vivado 12-4149] The synthesis checkpoint for IP 'C:/Users/hallgato/KMP/projectmunka/projectmunka.srcs/sources_1/ip/loons/loons.xci' is already up-to-date
[Mon Nov 28 15:10:54 2022] Launched synth_1...
Run output will be captured here: C:/Users/hallgato/KMP/projectmunka/projectmunka.runs/synth_1/runme.log
[Mon Nov 28 15:10:54 2022] Launched impl_1...
Run output will be captured here: C:/Users/hallgato/KMP/projectmunka/projectmunka.runs/impl_1/runme.log
reset_run synth_1
launch_runs impl_1 -to_step write_bitstream -jobs 2
INFO: [Vivado 12-4149] The synthesis checkpoint for IP 'C:/Users/hallgato/KMP/projectmunka/projectmunka.srcs/sources_1/ip/fold/fold.xci' is already up-to-date
INFO: [Vivado 12-4149] The synthesis checkpoint for IP 'C:/Users/hallgato/KMP/projectmunka/projectmunka.srcs/sources_1/ip/loons/loons.xci' is already up-to-date
[Mon Nov 28 15:16:07 2022] Launched synth_1...
Run output will be captured here: C:/Users/hallgato/KMP/projectmunka/projectmunka.runs/synth_1/runme.log
[Mon Nov 28 15:16:07 2022] Launched impl_1...
Run output will be captured here: C:/Users/hallgato/KMP/projectmunka/projectmunka.runs/impl_1/runme.log
reset_run synth_1
launch_runs impl_1 -to_step write_bitstream -jobs 2
INFO: [Vivado 12-4149] The synthesis checkpoint for IP 'C:/Users/hallgato/KMP/projectmunka/projectmunka.srcs/sources_1/ip/fold/fold.xci' is already up-to-date
INFO: [Vivado 12-4149] The synthesis checkpoint for IP 'C:/Users/hallgato/KMP/projectmunka/projectmunka.srcs/sources_1/ip/loons/loons.xci' is already up-to-date
[Mon Nov 28 15:20:31 2022] Launched synth_1...
Run output will be captured here: C:/Users/hallgato/KMP/projectmunka/projectmunka.runs/synth_1/runme.log
[Mon Nov 28 15:20:31 2022] Launched impl_1...
Run output will be captured here: C:/Users/hallgato/KMP/projectmunka/projectmunka.runs/impl_1/runme.log
reset_run synth_1
launch_runs impl_1 -to_step write_bitstream -jobs 2
INFO: [Vivado 12-4149] The synthesis checkpoint for IP 'C:/Users/hallgato/KMP/projectmunka/projectmunka.srcs/sources_1/ip/fold/fold.xci' is already up-to-date
INFO: [Vivado 12-4149] The synthesis checkpoint for IP 'C:/Users/hallgato/KMP/projectmunka/projectmunka.srcs/sources_1/ip/loons/loons.xci' is already up-to-date
[Mon Nov 28 15:23:29 2022] Launched synth_1...
Run output will be captured here: C:/Users/hallgato/KMP/projectmunka/projectmunka.runs/synth_1/runme.log
[Mon Nov 28 15:23:29 2022] Launched impl_1...
Run output will be captured here: C:/Users/hallgato/KMP/projectmunka/projectmunka.runs/impl_1/runme.log
open_run impl_1
INFO: [Device 21-403] Loading part xc7a100tcsg324-3
INFO: [Common 17-41] Interrupt caught. Command should exit soon.
Netlist sorting complete. Time (s): cpu = 00:00:00 ; elapsed = 00:00:00.023 . Memory (MB): peak = 3411.133 ; gain = 0.000
INFO: [Netlist 29-17] Analyzing 72 Unisim elements for replacement
INFO: [Netlist 29-28] Unisim Transformation completed in 0 CPU seconds
INFO: [Project 1-479] Netlist was created with Vivado 2020.1
open_run: Time (s): cpu = 00:00:09 ; elapsed = 00:00:11 . Memory (MB): peak = 3411.133 ; gain = 180.801
INFO: [Common 17-344] 'open_run' was cancelled
reset_run synth_1
launch_runs impl_1 -to_step write_bitstream -jobs 2
INFO: [Vivado 12-4149] The synthesis checkpoint for IP 'C:/Users/hallgato/KMP/projectmunka/projectmunka.srcs/sources_1/ip/fold/fold.xci' is already up-to-date
INFO: [Vivado 12-4149] The synthesis checkpoint for IP 'C:/Users/hallgato/KMP/projectmunka/projectmunka.srcs/sources_1/ip/loons/loons.xci' is already up-to-date
[Mon Nov 28 15:38:49 2022] Launched synth_1...
Run output will be captured here: C:/Users/hallgato/KMP/projectmunka/projectmunka.runs/synth_1/runme.log
[Mon Nov 28 15:38:49 2022] Launched impl_1...
Run output will be captured here: C:/Users/hallgato/KMP/projectmunka/projectmunka.runs/impl_1/runme.log
reset_run synth_1
launch_runs impl_1 -to_step write_bitstream -jobs 2
INFO: [Vivado 12-4149] The synthesis checkpoint for IP 'C:/Users/hallgato/KMP/projectmunka/projectmunka.srcs/sources_1/ip/fold/fold.xci' is already up-to-date
INFO: [Vivado 12-4149] The synthesis checkpoint for IP 'C:/Users/hallgato/KMP/projectmunka/projectmunka.srcs/sources_1/ip/loons/loons.xci' is already up-to-date
[Mon Nov 28 15:44:32 2022] Launched synth_1...
Run output will be captured here: C:/Users/hallgato/KMP/projectmunka/projectmunka.runs/synth_1/runme.log
[Mon Nov 28 15:44:32 2022] Launched impl_1...
Run output will be captured here: C:/Users/hallgato/KMP/projectmunka/projectmunka.runs/impl_1/runme.log
open_run impl_1
Netlist sorting complete. Time (s): cpu = 00:00:00 ; elapsed = 00:00:00 . Memory (MB): peak = 3713.812 ; gain = 0.000
INFO: [Project 1-479] Netlist was created with Vivado 2020.1
INFO: [Project 1-570] Preparing netlist for logic optimization
INFO: [Timing 38-478] Restoring timing data from binary archive.
INFO: [Timing 38-479] Binary timing data restore complete.
INFO: [Project 1-856] Restoring constraints from binary archive.
INFO: [Project 1-853] Binary constraint restore complete.
Reading XDEF placement.
Reading placer database...
Reading XDEF routing.
Read XDEF File: Time (s): cpu = 00:00:00 ; elapsed = 00:00:00.049 . Memory (MB): peak = 3849.668 ; gain = 0.000
Restored from archive | CPU: 0.000000 secs | Memory: 0.000000 MB |
Finished XDEF File Restore: Time (s): cpu = 00:00:00 ; elapsed = 00:00:00.062 . Memory (MB): peak = 3849.668 ; gain = 0.000
Netlist sorting complete. Time (s): cpu = 00:00:00 ; elapsed = 00:00:00 . Memory (MB): peak = 3849.668 ; gain = 0.000
INFO: [Project 1-111] Unisim Transformation Summary:
No Unisim elements were transformed.

open_run: Time (s): cpu = 00:00:20 ; elapsed = 00:00:18 . Memory (MB): peak = 3849.668 ; gain = 136.070
set_property PROBES.FILE {} [get_hw_devices xc7a100t_0]
set_property FULL_PROBES.FILE {} [get_hw_devices xc7a100t_0]
set_property PROGRAM.FILE {C:/Users/hallgato/KMP/projectmunka/projectmunka.runs/impl_1/vga_ScreenSaver_top.bit} [get_hw_devices xc7a100t_0]
program_hw_devices [get_hw_devices xc7a100t_0]
INFO: [Labtools 27-3164] End of startup status: HIGH
refresh_hw_device [lindex [get_hw_devices xc7a100t_0] 0]
INFO: [Labtools 27-1434] Device xc7a100t (JTAG device index = 0) is programmed with a design that has no supported debug core(s) in it.
set_property PROBES.FILE {} [get_hw_devices xc7a100t_0]
set_property FULL_PROBES.FILE {} [get_hw_devices xc7a100t_0]
set_property PROGRAM.FILE {C:/Users/hallgato/KMP/projectmunka/projectmunka.runs/impl_1/vga_ScreenSaver_top.bit} [get_hw_devices xc7a100t_0]
program_hw_devices [get_hw_devices xc7a100t_0]
INFO: [Labtools 27-3164] End of startup status: HIGH
refresh_hw_device [lindex [get_hw_devices xc7a100t_0] 0]
INFO: [Labtools 27-1434] Device xc7a100t (JTAG device index = 0) is programmed with a design that has no supported debug core(s) in it.
reset_run synth_1
launch_runs impl_1 -to_step write_bitstream -jobs 2
INFO: [Vivado 12-4149] The synthesis checkpoint for IP 'C:/Users/hallgato/KMP/projectmunka/projectmunka.srcs/sources_1/ip/fold/fold.xci' is already up-to-date
INFO: [Vivado 12-4149] The synthesis checkpoint for IP 'C:/Users/hallgato/KMP/projectmunka/projectmunka.srcs/sources_1/ip/loons/loons.xci' is already up-to-date
[Mon Nov 28 15:56:10 2022] Launched synth_1...
Run output will be captured here: C:/Users/hallgato/KMP/projectmunka/projectmunka.runs/synth_1/runme.log
[Mon Nov 28 15:56:10 2022] Launched impl_1...
Run output will be captured here: C:/Users/hallgato/KMP/projectmunka/projectmunka.runs/impl_1/runme.log
reset_run synth_1
launch_runs impl_1 -to_step write_bitstream -jobs 2
INFO: [Vivado 12-4149] The synthesis checkpoint for IP 'C:/Users/hallgato/KMP/projectmunka/projectmunka.srcs/sources_1/ip/fold/fold.xci' is already up-to-date
INFO: [Vivado 12-4149] The synthesis checkpoint for IP 'C:/Users/hallgato/KMP/projectmunka/projectmunka.srcs/sources_1/ip/loons/loons.xci' is already up-to-date
[Mon Nov 28 15:58:20 2022] Launched synth_1...
Run output will be captured here: C:/Users/hallgato/KMP/projectmunka/projectmunka.runs/synth_1/runme.log
[Mon Nov 28 15:58:20 2022] Launched impl_1...
Run output will be captured here: C:/Users/hallgato/KMP/projectmunka/projectmunka.runs/impl_1/runme.log
set_property PROBES.FILE {} [get_hw_devices xc7a100t_0]
set_property FULL_PROBES.FILE {} [get_hw_devices xc7a100t_0]
set_property PROGRAM.FILE {C:/Users/hallgato/KMP/projectmunka/projectmunka.runs/impl_1/vga_ScreenSaver_top.bit} [get_hw_devices xc7a100t_0]
program_hw_devices [get_hw_devices xc7a100t_0]
INFO: [Labtools 27-3164] End of startup status: HIGH
refresh_hw_device [lindex [get_hw_devices xc7a100t_0] 0]
INFO: [Labtools 27-1434] Device xc7a100t (JTAG device index = 0) is programmed with a design that has no supported debug core(s) in it.
exit
INFO: [Common 17-206] Exiting Vivado at Mon Nov 28 16:03:22 2022...
